# JRE version: OpenJDK Runtime Environment Temurin-17.0.10+7 (17.0.10+7) (build 17.0.10+7)
# Java VM: OpenJDK 64-Bit Server VM Temurin-17.0.10+7 (17.0.10+7, mixed mode, tiered, compressed oops, compressed class ptrs, parallel gc, windows-amd64)
GC Precious Log:
 CPUs: 8 total, 8 available
 Memory: 7873M
 Large Page Support: Disabled
 NUMA Support: Disabled
 Compressed Oops: Enabled (32-bit)
 Alignments: Space 512K, Generation 512K, Heap 2M
 Heap Min Capacity: 100M
 Heap Initial Capacity: 100M
 Heap Max Capacity: 1G
 Pre-touch: Disabled
 Parallel Workers: 8
Heap:
 PSYoungGen      total 24576K, used 20042K [0x00000000eab00000, 0x00000000ecb80000, 0x0000000100000000)
  eden space 22016K, 79% used [0x00000000eab00000,0x00000000ebc18978,0x00000000ec080000)
  from space 2560K, 99% used [0x00000000ec380000,0x00000000ec5f9f90,0x00000000ec600000)
  to   space 5632K, 0% used [0x00000000ec600000,0x00000000ec600000,0x00000000ecb80000)
 ParOldGen       total 68608K, used 42234K [0x00000000c0000000, 0x00000000c4300000, 0x00000000eab00000)
  object space 68608K, 61% used [0x00000000c0000000,0x00000000c293e808,0x00000000c4300000)
 Metaspace       used 60088K, committed 61120K, reserved 1114112K
  class space    used 6765K, committed 7168K, reserved 1048576K
GC Heap History (20 events):
Event: 7.706 GC heap before
{Heap before GC invocations=21 (full 2):
 PSYoungGen      total 24064K, used 23703K [0x00000000eab00000, 0x00000000ec600000, 0x0000000100000000)
  eden space 22016K, 99% used [0x00000000eab00000,0x00000000ec07eea0,0x00000000ec080000)
  from space 2048K, 82% used [0x00000000ec400000,0x00000000ec5a7090,0x00000000ec600000)
  to   space 2048K, 0% used [0x00000000ec200000,0x00000000ec200000,0x00000000ec400000)
 ParOldGen       total 68608K, used 21655K [0x00000000c0000000, 0x00000000c4300000, 0x00000000eab00000)
  object space 68608K, 31% used [0x00000000c0000000,0x00000000c1525c38,0x00000000c4300000)
 Metaspace       used 55180K, committed 56256K, reserved 1114112K
  class space    used 6080K, committed 6528K, reserved 1048576K
}
Event: 7.710 GC heap after
{Heap after GC invocations=21 (full 2):
 PSYoungGen      total 24064K, used 2031K [0x00000000eab00000, 0x00000000ed480000, 0x0000000100000000)
  eden space 22016K, 0% used [0x00000000eab00000,0x00000000eab00000,0x00000000ec080000)
  from space 2048K, 99% used [0x00000000ec200000,0x00000000ec3fbcf0,0x00000000ec400000)
  to   space 10240K, 0% used [0x00000000eca80000,0x00000000eca80000,0x00000000ed480000)
 ParOldGen       total 68608K, used 28480K [0x00000000c0000000, 0x00000000c4300000, 0x00000000eab00000)
  object space 68608K, 41% used [0x00000000c0000000,0x00000000c1bd0190,0x00000000c4300000)
 Metaspace       used 55180K, committed 56256K, reserved 1114112K
  class space    used 6080K, committed 6528K, reserved 1048576K
}
Event: 7.997 GC heap before
{Heap before GC invocations=22 (full 2):
 PSYoungGen      total 24064K, used 24023K [0x00000000eab00000, 0x00000000ed480000, 0x0000000100000000)
  eden space 22016K, 99% used [0x00000000eab00000,0x00000000ec07a308,0x00000000ec080000)
  from space 2048K, 99% used [0x00000000ec200000,0x00000000ec3fbcf0,0x00000000ec400000)
  to   space 10240K, 0% used [0x00000000eca80000,0x00000000eca80000,0x00000000ed480000)
 ParOldGen       total 68608K, used 28480K [0x00000000c0000000, 0x00000000c4300000, 0x00000000eab00000)
  object space 68608K, 41% used [0x00000000c0000000,0x00000000c1bd0190,0x00000000c4300000)
 Metaspace       used 57238K, committed 58368K, reserved 1114112K
  class space    used 6369K, committed 6848K, reserved 1048576K
}
Event: 8.000 GC heap after
{Heap after GC invocations=22 (full 2):
 PSYoungGen      total 24064K, used 1570K [0x00000000eab00000, 0x00000000ecc80000, 0x0000000100000000)
  eden space 22016K, 0% used [0x00000000eab00000,0x00000000eab00000,0x00000000ec080000)
  from space 2048K, 76% used [0x00000000eca80000,0x00000000ecc08938,0x00000000ecc80000)
  to   space 4608K, 0% used [0x00000000ec380000,0x00000000ec380000,0x00000000ec800000)
 ParOldGen       total 68608K, used 30522K [0x00000000c0000000, 0x00000000c4300000, 0x00000000eab00000)
  object space 68608K, 44% used [0x00000000c0000000,0x00000000c1dce958,0x00000000c4300000)
 Metaspace       used 57238K, committed 58368K, reserved 1114112K
  class space    used 6369K, committed 6848K, reserved 1048576K
}
Event: 8.088 GC heap before
{Heap before GC invocations=23 (full 2):
 PSYoungGen      total 24064K, used 23586K [0x00000000eab00000, 0x00000000ecc80000, 0x0000000100000000)
  eden space 22016K, 100% used [0x00000000eab00000,0x00000000ec080000,0x00000000ec080000)
  from space 2048K, 76% used [0x00000000eca80000,0x00000000ecc08938,0x00000000ecc80000)
  to   space 4608K, 0% used [0x00000000ec380000,0x00000000ec380000,0x00000000ec800000)
 ParOldGen       total 68608K, used 30522K [0x00000000c0000000, 0x00000000c4300000, 0x00000000eab00000)
  object space 68608K, 44% used [0x00000000c0000000,0x00000000c1dce958,0x00000000c4300000)
 Metaspace       used 58069K, committed 59200K, reserved 1114112K
  class space    used 6506K, committed 6976K, reserved 1048576K
}
Event: 8.091 GC heap after
{Heap after GC invocations=23 (full 2):
 PSYoungGen      total 26624K, used 1888K [0x00000000eab00000, 0x00000000ecb00000, 0x0000000100000000)
  eden space 22016K, 0% used [0x00000000eab00000,0x00000000eab00000,0x00000000ec080000)
  from space 4608K, 40% used [0x00000000ec380000,0x00000000ec558020,0x00000000ec800000)
  to   space 2560K, 0% used [0x00000000ec880000,0x00000000ec880000,0x00000000ecb00000)
 ParOldGen       total 68608K, used 31866K [0x00000000c0000000, 0x00000000c4300000, 0x00000000eab00000)
  object space 68608K, 46% used [0x00000000c0000000,0x00000000c1f1ea18,0x00000000c4300000)
 Metaspace       used 58069K, committed 59200K, reserved 1114112K
  class space    used 6506K, committed 6976K, reserved 1048576K
}
Event: 8.166 GC heap before
{Heap before GC invocations=24 (full 2):
 PSYoungGen      total 26624K, used 23904K [0x00000000eab00000, 0x00000000ecb00000, 0x0000000100000000)
  eden space 22016K, 100% used [0x00000000eab00000,0x00000000ec080000,0x00000000ec080000)
  from space 4608K, 40% used [0x00000000ec380000,0x00000000ec558020,0x00000000ec800000)
  to   space 2560K, 0% used [0x00000000ec880000,0x00000000ec880000,0x00000000ecb00000)
 ParOldGen       total 68608K, used 31866K [0x00000000c0000000, 0x00000000c4300000, 0x00000000eab00000)
  object space 68608K, 46% used [0x00000000c0000000,0x00000000c1f1ea18,0x00000000c4300000)
 Metaspace       used 58375K, committed 59520K, reserved 1114112K
  class space    used 6538K, committed 7040K, reserved 1048576K
}
Event: 8.170 GC heap after
{Heap after GC invocations=24 (full 2):
 PSYoungGen      total 24064K, used 1984K [0x00000000eab00000, 0x00000000eca80000, 0x0000000100000000)
  eden space 22016K, 0% used [0x00000000eab00000,0x00000000eab00000,0x00000000ec080000)
  from space 2048K, 96% used [0x00000000ec880000,0x00000000eca70000,0x00000000eca80000)
  to   space 2048K, 0% used [0x00000000ec680000,0x00000000ec680000,0x00000000ec880000)
 ParOldGen       total 68608K, used 33630K [0x00000000c0000000, 0x00000000c4300000, 0x00000000eab00000)
  object space 68608K, 49% used [0x00000000c0000000,0x00000000c20d7a58,0x00000000c4300000)
 Metaspace       used 58375K, committed 59520K, reserved 1114112K
  class space    used 6538K, committed 7040K, reserved 1048576K
}
Event: 8.206 GC heap before
{Heap before GC invocations=25 (full 2):
 PSYoungGen      total 24064K, used 14769K [0x00000000eab00000, 0x00000000eca80000, 0x0000000100000000)
  eden space 22016K, 58% used [0x00000000eab00000,0x00000000eb77c418,0x00000000ec080000)
  from space 2048K, 96% used [0x00000000ec880000,0x00000000eca70000,0x00000000eca80000)
  to   space 2048K, 0% used [0x00000000ec680000,0x00000000ec680000,0x00000000ec880000)
 ParOldGen       total 68608K, used 33630K [0x00000000c0000000, 0x00000000c4300000, 0x00000000eab00000)
  object space 68608K, 49% used [0x00000000c0000000,0x00000000c20d7a58,0x00000000c4300000)
 Metaspace       used 58717K, committed 59776K, reserved 1114112K
  class space    used 6586K, committed 7040K, reserved 1048576K
}
Event: 8.209 GC heap after
{Heap after GC invocations=25 (full 2):
 PSYoungGen      total 23552K, used 1248K [0x00000000eab00000, 0x00000000ec900000, 0x0000000100000000)
  eden space 22016K, 0% used [0x00000000eab00000,0x00000000eab00000,0x00000000ec080000)
  from space 1536K, 81% used [0x00000000ec680000,0x00000000ec7b8010,0x00000000ec800000)
  to   space 1024K, 0% used [0x00000000ec800000,0x00000000ec800000,0x00000000ec900000)
 ParOldGen       total 68608K, used 35454K [0x00000000c0000000, 0x00000000c4300000, 0x00000000eab00000)
  object space 68608K, 51% used [0x00000000c0000000,0x00000000c229fa58,0x00000000c4300000)
 Metaspace       used 58717K, committed 59776K, reserved 1114112K
  class space    used 6586K, committed 7040K, reserved 1048576K
}
Event: 8.209 GC heap before
{Heap before GC invocations=26 (full 3):
 PSYoungGen      total 23552K, used 1248K [0x00000000eab00000, 0x00000000ec900000, 0x0000000100000000)
  eden space 22016K, 0% used [0x00000000eab00000,0x00000000eab00000,0x00000000ec080000)
  from space 1536K, 81% used [0x00000000ec680000,0x00000000ec7b8010,0x00000000ec800000)
  to   space 1024K, 0% used [0x00000000ec800000,0x00000000ec800000,0x00000000ec900000)
 ParOldGen       total 68608K, used 35454K [0x00000000c0000000, 0x00000000c4300000, 0x00000000eab00000)
  object space 68608K, 51% used [0x00000000c0000000,0x00000000c229fa58,0x00000000c4300000)
 Metaspace       used 58717K, committed 59776K, reserved 1114112K
  class space    used 6586K, committed 7040K, reserved 1048576K
}
Event: 8.251 GC heap after
{Heap after GC invocations=26 (full 3):
 PSYoungGen      total 23552K, used 0K [0x00000000eab00000, 0x00000000ec900000, 0x0000000100000000)
  eden space 22016K, 0% used [0x00000000eab00000,0x00000000eab00000,0x00000000ec080000)
  from space 1536K, 0% used [0x00000000ec680000,0x00000000ec680000,0x00000000ec800000)
  to   space 1024K, 0% used [0x00000000ec800000,0x00000000ec800000,0x00000000ec900000)
 ParOldGen       total 68608K, used 35381K [0x00000000c0000000, 0x00000000c4300000, 0x00000000eab00000)
  object space 68608K, 51% used [0x00000000c0000000,0x00000000c228d4a0,0x00000000c4300000)
 Metaspace       used 58717K, committed 59776K, reserved 1114112K
  class space    used 6586K, committed 7040K, reserved 1048576K
}
Event: 8.293 GC heap before
{Heap before GC invocations=27 (full 3):
 PSYoungGen      total 23552K, used 22016K [0x00000000eab00000, 0x00000000ec900000, 0x0000000100000000)
  eden space 22016K, 100% used [0x00000000eab00000,0x00000000ec080000,0x00000000ec080000)
  from space 1536K, 0% used [0x00000000ec680000,0x00000000ec680000,0x00000000ec800000)
  to   space 1024K, 0% used [0x00000000ec800000,0x00000000ec800000,0x00000000ec900000)
 ParOldGen       total 68608K, used 35381K [0x00000000c0000000, 0x00000000c4300000, 0x00000000eab00000)
  object space 68608K, 51% used [0x00000000c0000000,0x00000000c228d4a0,0x00000000c4300000)
 Metaspace       used 58796K, committed 59968K, reserved 1114112K
  class space    used 6596K, committed 7104K, reserved 1048576K
}
Event: 8.295 GC heap after
{Heap after GC invocations=27 (full 3):
 PSYoungGen      total 23040K, used 1024K [0x00000000eab00000, 0x00000000ec900000, 0x0000000100000000)
  eden space 22016K, 0% used [0x00000000eab00000,0x00000000eab00000,0x00000000ec080000)
  from space 1024K, 100% used [0x00000000ec800000,0x00000000ec900000,0x00000000ec900000)
  to   space 2560K, 0% used [0x00000000ec400000,0x00000000ec400000,0x00000000ec680000)
 ParOldGen       total 68608K, used 36469K [0x00000000c0000000, 0x00000000c4300000, 0x00000000eab00000)
  object space 68608K, 53% used [0x00000000c0000000,0x00000000c239d4a0,0x00000000c4300000)
 Metaspace       used 58796K, committed 59968K, reserved 1114112K
  class space    used 6596K, committed 7104K, reserved 1048576K
}
Event: 8.347 GC heap before
{Heap before GC invocations=28 (full 3):
 PSYoungGen      total 23040K, used 23040K [0x00000000eab00000, 0x00000000ec900000, 0x0000000100000000)
  eden space 22016K, 100% used [0x00000000eab00000,0x00000000ec080000,0x00000000ec080000)
  from space 1024K, 100% used [0x00000000ec800000,0x00000000ec900000,0x00000000ec900000)
  to   space 2560K, 0% used [0x00000000ec400000,0x00000000ec400000,0x00000000ec680000)
 ParOldGen       total 68608K, used 36469K [0x00000000c0000000, 0x00000000c4300000, 0x00000000eab00000)
  object space 68608K, 53% used [0x00000000c0000000,0x00000000c239d4a0,0x00000000c4300000)
 Metaspace       used 58796K, committed 59968K, reserved 1114112K
  class space    used 6596K, committed 7104K, reserved 1048576K
}
Event: 8.350 GC heap after
{Heap after GC invocations=28 (full 3):
 PSYoungGen      total 24576K, used 2496K [0x00000000eab00000, 0x00000000ec880000, 0x0000000100000000)
  eden space 22016K, 0% used [0x00000000eab00000,0x00000000eab00000,0x00000000ec080000)
  from space 2560K, 97% used [0x00000000ec400000,0x00000000ec670010,0x00000000ec680000)
  to   space 2048K, 0% used [0x00000000ec680000,0x00000000ec680000,0x00000000ec880000)
 ParOldGen       total 68608K, used 37509K [0x00000000c0000000, 0x00000000c4300000, 0x00000000eab00000)
  object space 68608K, 54% used [0x00000000c0000000,0x00000000c24a14a0,0x00000000c4300000)
 Metaspace       used 58796K, committed 59968K, reserved 1114112K
  class space    used 6596K, committed 7104K, reserved 1048576K
}
Event: 8.391 GC heap before
{Heap before GC invocations=29 (full 3):
 PSYoungGen      total 24576K, used 24512K [0x00000000eab00000, 0x00000000ec880000, 0x0000000100000000)
  eden space 22016K, 100% used [0x00000000eab00000,0x00000000ec080000,0x00000000ec080000)
  from space 2560K, 97% used [0x00000000ec400000,0x00000000ec670010,0x00000000ec680000)
  to   space 2048K, 0% used [0x00000000ec680000,0x00000000ec680000,0x00000000ec880000)
 ParOldGen       total 68608K, used 37509K [0x00000000c0000000, 0x00000000c4300000, 0x00000000eab00000)
  object space 68608K, 54% used [0x00000000c0000000,0x00000000c24a14a0,0x00000000c4300000)
 Metaspace       used 58804K, committed 59968K, reserved 1114112K
  class space    used 6596K, committed 7104K, reserved 1048576K
}
Event: 8.394 GC heap after
{Heap after GC invocations=29 (full 3):
 PSYoungGen      total 24064K, used 2048K [0x00000000eab00000, 0x00000000ec880000, 0x0000000100000000)
  eden space 22016K, 0% used [0x00000000eab00000,0x00000000eab00000,0x00000000ec080000)
  from space 2048K, 100% used [0x00000000ec680000,0x00000000ec880000,0x00000000ec880000)
  to   space 2560K, 0% used [0x00000000ec380000,0x00000000ec380000,0x00000000ec600000)
 ParOldGen       total 68608K, used 39901K [0x00000000c0000000, 0x00000000c4300000, 0x00000000eab00000)
  object space 68608K, 58% used [0x00000000c0000000,0x00000000c26f74b0,0x00000000c4300000)
 Metaspace       used 58804K, committed 59968K, reserved 1114112K
  class space    used 6596K, committed 7104K, reserved 1048576K
}
Event: 8.554 GC heap before
{Heap before GC invocations=30 (full 3):
 PSYoungGen      total 24064K, used 24064K [0x00000000eab00000, 0x00000000ec880000, 0x0000000100000000)
  eden space 22016K, 100% used [0x00000000eab00000,0x00000000ec080000,0x00000000ec080000)
  from space 2048K, 100% used [0x00000000ec680000,0x00000000ec880000,0x00000000ec880000)
  to   space 2560K, 0% used [0x00000000ec380000,0x00000000ec380000,0x00000000ec600000)
 ParOldGen       total 68608K, used 39901K [0x00000000c0000000, 0x00000000c4300000, 0x00000000eab00000)
  object space 68608K, 58% used [0x00000000c0000000,0x00000000c26f74b0,0x00000000c4300000)
 Metaspace       used 60030K, committed 61120K, reserved 1114112K
  class space    used 6760K, committed 7168K, reserved 1048576K
}
Event: 8.559 GC heap after
{Heap after GC invocations=30 (full 3):
 PSYoungGen      total 24576K, used 2535K [0x00000000eab00000, 0x00000000ecb80000, 0x0000000100000000)
  eden space 22016K, 0% used [0x00000000eab00000,0x00000000eab00000,0x00000000ec080000)
  from space 2560K, 99% used [0x00000000ec380000,0x00000000ec5f9f90,0x00000000ec600000)
  to   space 5632K, 0% used [0x00000000ec600000,0x00000000ec600000,0x00000000ecb80000)
 ParOldGen       total 68608K, used 42234K [0x00000000c0000000, 0x00000000c4300000, 0x00000000eab00000)
  object space 68608K, 61% used [0x00000000c0000000,0x00000000c293e808,0x00000000c4300000)
 Metaspace       used 60030K, committed 61120K, reserved 1114112K
  class space    used 6760K, committed 7168K, reserved 1048576K
}

